<?xml version="1.0" encoding="UTF-8"?>
<testng-results ignored="0" total="14" passed="14" failed="0" skipped="0">
  <reporter-output>
  </reporter-output>
  <suite started-at="2019-09-19T08:59:35Z" name="Suite" finished-at="2019-09-19T08:59:35Z" duration-ms="0">
    <groups>
    </groups>
  </suite> <!-- Suite -->
  <suite started-at="2019-09-19T08:58:36Z" name="Suite (0)" finished-at="2019-09-19T08:59:29Z" duration-ms="53347">
    <groups>
    </groups>
    <test started-at="2019-09-19T08:58:36Z" name="Test" finished-at="2019-09-19T08:59:29Z" duration-ms="53347">
      <class name="com.atmecs.phptravels.testscripts.InvoicePageTest">
        <test-method is-config="true" signature="startReport()[pri:0, instance:com.atmecs.phptravels.testscripts.InvoicePageTest@52e677af]" started-at="2019-09-19T08:58:21Z" name="startReport" finished-at="2019-09-19T08:58:21Z" duration-ms="366" status="PASS">
          <reporter-output>
          </reporter-output>
        </test-method> <!-- startReport -->
        <test-method is-config="true" signature="intitailizeBrowser()[pri:0, instance:com.atmecs.phptravels.testscripts.InvoicePageTest@52e677af]" started-at="2019-09-19T08:58:21Z" name="intitailizeBrowser" finished-at="2019-09-19T08:58:36Z" depends-on-methods="com.atmecs.phptravelsautomation.extentreports.ExtentReport.startReport" duration-ms="14404" status="PASS">
          <reporter-output>
          </reporter-output>
        </test-method> <!-- intitailizeBrowser -->
        <test-method signature="landingPageValidation()[pri:0, instance:com.atmecs.phptravels.testscripts.InvoicePageTest@52e677af]" started-at="2019-09-19T08:58:36Z" name="landingPageValidation" finished-at="2019-09-19T08:58:36Z" duration-ms="303" status="PASS">
          <reporter-output>
          </reporter-output>
        </test-method> <!-- landingPageValidation -->
        <test-method is-config="true" signature="tearDown(org.testng.ITestResult)[pri:0, instance:com.atmecs.phptravels.testscripts.InvoicePageTest@52e677af]" started-at="2019-09-19T08:58:36Z" name="tearDown" finished-at="2019-09-19T08:58:36Z" duration-ms="0" status="PASS">
          <params>
            <param index="0">
              <value>
                <![CDATA[[TestResult name=landingPageValidation status=SUCCESS method=HomePageTestScript.landingPageValidation()[pri:0, instance:com.atmecs.phptravels.testscripts.InvoicePageTest@52e677af] output={null}]]]>
              </value>
            </param>
          </params>
          <reporter-output>
          </reporter-output>
        </test-method> <!-- tearDown -->
        <test-method signature="invalidCheckinDate()[pri:1, instance:com.atmecs.phptravels.testscripts.InvoicePageTest@52e677af]" started-at="2019-09-19T08:58:36Z" name="invalidCheckinDate" finished-at="2019-09-19T08:58:41Z" duration-ms="4702" status="PASS">
          <reporter-output>
          </reporter-output>
        </test-method> <!-- invalidCheckinDate -->
        <test-method signature="cityInputValidation()[pri:2, instance:com.atmecs.phptravels.testscripts.InvoicePageTest@52e677af]" started-at="2019-09-19T08:58:41Z" name="cityInputValidation" finished-at="2019-09-19T08:58:44Z" duration-ms="3579" status="PASS">
          <reporter-output>
          </reporter-output>
        </test-method> <!-- cityInputValidation -->
        <test-method is-config="true" signature="tearDown(org.testng.ITestResult)[pri:0, instance:com.atmecs.phptravels.testscripts.InvoicePageTest@52e677af]" started-at="2019-09-19T08:58:41Z" name="tearDown" finished-at="2019-09-19T08:58:41Z" duration-ms="0" status="PASS">
          <params>
            <param index="0">
              <value>
                <![CDATA[[TestResult name=invalidCheckinDate status=SUCCESS method=HomePageTestScript.invalidCheckinDate()[pri:1, instance:com.atmecs.phptravels.testscripts.InvoicePageTest@52e677af] output={null}]]]>
              </value>
            </param>
          </params>
          <reporter-output>
          </reporter-output>
        </test-method> <!-- tearDown -->
        <test-method is-config="true" signature="tearDown(org.testng.ITestResult)[pri:0, instance:com.atmecs.phptravels.testscripts.InvoicePageTest@52e677af]" started-at="2019-09-19T08:58:44Z" name="tearDown" finished-at="2019-09-19T08:58:44Z" duration-ms="0" status="PASS">
          <params>
            <param index="0">
              <value>
                <![CDATA[[TestResult name=cityInputValidation status=SUCCESS method=HomePageTestScript.cityInputValidation()[pri:2, instance:com.atmecs.phptravels.testscripts.InvoicePageTest@52e677af] output={null}]]]>
              </value>
            </param>
          </params>
          <reporter-output>
          </reporter-output>
        </test-method> <!-- tearDown -->
        <test-method signature="tourSearch(java.lang.String, java.lang.String)[pri:2, instance:com.atmecs.phptravels.testscripts.InvoicePageTest@52e677af]" started-at="2019-09-19T08:58:46Z" name="tourSearch" data-provider="home_page_data" finished-at="2019-09-19T08:58:50Z" duration-ms="4408" status="PASS">
          <params>
            <param index="0">
              <value>
                <![CDATA[india]]>
              </value>
            </param>
            <param index="1">
              <value>
                <![CDATA[27/09/2019]]>
              </value>
            </param>
          </params>
          <reporter-output>
          </reporter-output>
        </test-method> <!-- tourSearch -->
        <test-method signature="BookingOption()[pri:3, instance:com.atmecs.phptravels.testscripts.InvoicePageTest@52e677af]" started-at="2019-09-19T08:58:50Z" name="BookingOption" finished-at="2019-09-19T08:59:05Z" duration-ms="14195" status="PASS">
          <reporter-output>
          </reporter-output>
        </test-method> <!-- BookingOption -->
        <test-method is-config="true" signature="tearDown(org.testng.ITestResult)[pri:0, instance:com.atmecs.phptravels.testscripts.InvoicePageTest@52e677af]" started-at="2019-09-19T08:58:50Z" name="tearDown" finished-at="2019-09-19T08:58:50Z" duration-ms="0" status="PASS">
          <params>
            <param index="0">
              <value>
                <![CDATA[[TestResult name=tourSearch status=SUCCESS method=HomePageTestScript.tourSearch(java.lang.String, java.lang.String)[pri:2, instance:com.atmecs.phptravels.testscripts.InvoicePageTest@52e677af] output={null}]]]>
              </value>
            </param>
          </params>
          <reporter-output>
          </reporter-output>
        </test-method> <!-- tearDown -->
        <test-method is-config="true" signature="tearDown(org.testng.ITestResult)[pri:0, instance:com.atmecs.phptravels.testscripts.InvoicePageTest@52e677af]" started-at="2019-09-19T08:59:05Z" name="tearDown" finished-at="2019-09-19T08:59:05Z" duration-ms="0" status="PASS">
          <params>
            <param index="0">
              <value>
                <![CDATA[[TestResult name=BookingOption status=SUCCESS method=BookingOptionTestScript.BookingOption()[pri:3, instance:com.atmecs.phptravels.testscripts.InvoicePageTest@52e677af] output={null}]]]>
              </value>
            </param>
          </params>
          <reporter-output>
          </reporter-output>
        </test-method> <!-- tearDown -->
        <test-method signature="personalDetailsInput([Ljava.lang.String;)[pri:4, instance:com.atmecs.phptravels.testscripts.InvoicePageTest@52e677af]" started-at="2019-09-19T08:59:05Z" name="personalDetailsInput" data-provider="personal_details" finished-at="2019-09-19T08:59:10Z" duration-ms="4772" status="PASS">
          <params>
            <param index="0">
              <value>
                <![CDATA[[Ljava.lang.String;@383864d5]]>
              </value>
            </param>
          </params>
          <reporter-output>
          </reporter-output>
        </test-method> <!-- personalDetailsInput -->
        <test-method is-config="true" signature="tearDown(org.testng.ITestResult)[pri:0, instance:com.atmecs.phptravels.testscripts.InvoicePageTest@52e677af]" started-at="2019-09-19T08:59:10Z" name="tearDown" finished-at="2019-09-19T08:59:10Z" duration-ms="4" status="PASS">
          <params>
            <param index="0">
              <value>
                <![CDATA[[TestResult name=personalDetailsInput status=SUCCESS method=BookingSummaryPageTest.personalDetailsInput([Ljava.lang.String;)[pri:4, instance:com.atmecs.phptravels.testscripts.InvoicePageTest@52e677af] output={null}]]]>
              </value>
            </param>
          </params>
          <reporter-output>
          </reporter-output>
        </test-method> <!-- tearDown -->
        <test-method signature="guestInfoInput([Ljava.lang.String;)[pri:5, instance:com.atmecs.phptravels.testscripts.InvoicePageTest@52e677af]" started-at="2019-09-19T08:59:10Z" name="guestInfoInput" data-provider="guest_details" finished-at="2019-09-19T08:59:10Z" duration-ms="508" status="PASS">
          <params>
            <param index="0">
              <value>
                <![CDATA[[Ljava.lang.String;@3cbf1ba4]]>
              </value>
            </param>
          </params>
          <reporter-output>
          </reporter-output>
        </test-method> <!-- guestInfoInput -->
        <test-method is-config="true" signature="tearDown(org.testng.ITestResult)[pri:0, instance:com.atmecs.phptravels.testscripts.InvoicePageTest@52e677af]" started-at="2019-09-19T08:59:10Z" name="tearDown" finished-at="2019-09-19T08:59:10Z" duration-ms="4" status="PASS">
          <params>
            <param index="0">
              <value>
                <![CDATA[[TestResult name=guestInfoInput status=SUCCESS method=BookingSummaryPageTest.guestInfoInput([Ljava.lang.String;)[pri:5, instance:com.atmecs.phptravels.testscripts.InvoicePageTest@52e677af] output={null}]]]>
              </value>
            </param>
          </params>
          <reporter-output>
          </reporter-output>
        </test-method> <!-- tearDown -->
        <test-method signature="guestInfoInput([Ljava.lang.String;)[pri:5, instance:com.atmecs.phptravels.testscripts.InvoicePageTest@52e677af]" started-at="2019-09-19T08:59:10Z" name="guestInfoInput" data-provider="guest_details" finished-at="2019-09-19T08:59:11Z" duration-ms="436" status="PASS">
          <params>
            <param index="0">
              <value>
                <![CDATA[[Ljava.lang.String;@10bea4]]>
              </value>
            </param>
          </params>
          <reporter-output>
          </reporter-output>
        </test-method> <!-- guestInfoInput -->
        <test-method signature="guestInfoInput([Ljava.lang.String;)[pri:5, instance:com.atmecs.phptravels.testscripts.InvoicePageTest@52e677af]" started-at="2019-09-19T08:59:11Z" name="guestInfoInput" data-provider="guest_details" finished-at="2019-09-19T08:59:11Z" duration-ms="521" status="PASS">
          <params>
            <param index="0">
              <value>
                <![CDATA[[Ljava.lang.String;@7e2c64]]>
              </value>
            </param>
          </params>
          <reporter-output>
          </reporter-output>
        </test-method> <!-- guestInfoInput -->
        <test-method is-config="true" signature="tearDown(org.testng.ITestResult)[pri:0, instance:com.atmecs.phptravels.testscripts.InvoicePageTest@52e677af]" started-at="2019-09-19T08:59:11Z" name="tearDown" finished-at="2019-09-19T08:59:11Z" duration-ms="0" status="PASS">
          <params>
            <param index="0">
              <value>
                <![CDATA[[TestResult name=guestInfoInput status=SUCCESS method=BookingSummaryPageTest.guestInfoInput([Ljava.lang.String;)[pri:5, instance:com.atmecs.phptravels.testscripts.InvoicePageTest@52e677af] output={null}]]]>
              </value>
            </param>
          </params>
          <reporter-output>
          </reporter-output>
        </test-method> <!-- tearDown -->
        <test-method is-config="true" signature="tearDown(org.testng.ITestResult)[pri:0, instance:com.atmecs.phptravels.testscripts.InvoicePageTest@52e677af]" started-at="2019-09-19T08:59:11Z" name="tearDown" finished-at="2019-09-19T08:59:11Z" duration-ms="0" status="PASS">
          <params>
            <param index="0">
              <value>
                <![CDATA[[TestResult name=guestInfoInput status=SUCCESS method=BookingSummaryPageTest.guestInfoInput([Ljava.lang.String;)[pri:5, instance:com.atmecs.phptravels.testscripts.InvoicePageTest@52e677af] output={null}]]]>
              </value>
            </param>
          </params>
          <reporter-output>
          </reporter-output>
        </test-method> <!-- tearDown -->
        <test-method signature="guestInfoInput([Ljava.lang.String;)[pri:5, instance:com.atmecs.phptravels.testscripts.InvoicePageTest@52e677af]" started-at="2019-09-19T08:59:11Z" name="guestInfoInput" data-provider="guest_details" finished-at="2019-09-19T08:59:12Z" duration-ms="484" status="PASS">
          <params>
            <param index="0">
              <value>
                <![CDATA[[Ljava.lang.String;@7c1e32c9]]>
              </value>
            </param>
          </params>
          <reporter-output>
          </reporter-output>
        </test-method> <!-- guestInfoInput -->
        <test-method is-config="true" signature="tearDown(org.testng.ITestResult)[pri:0, instance:com.atmecs.phptravels.testscripts.InvoicePageTest@52e677af]" started-at="2019-09-19T08:59:12Z" name="tearDown" finished-at="2019-09-19T08:59:12Z" duration-ms="4" status="PASS">
          <params>
            <param index="0">
              <value>
                <![CDATA[[TestResult name=guestInfoInput status=SUCCESS method=BookingSummaryPageTest.guestInfoInput([Ljava.lang.String;)[pri:5, instance:com.atmecs.phptravels.testscripts.InvoicePageTest@52e677af] output={null}]]]>
              </value>
            </param>
          </params>
          <reporter-output>
          </reporter-output>
        </test-method> <!-- tearDown -->
        <test-method signature="amountValidateAfterAddingExtra()[pri:6, instance:com.atmecs.phptravels.testscripts.InvoicePageTest@52e677af]" started-at="2019-09-19T08:59:12Z" name="amountValidateAfterAddingExtra" finished-at="2019-09-19T08:59:12Z" duration-ms="120" status="PASS">
          <reporter-output>
          </reporter-output>
        </test-method> <!-- amountValidateAfterAddingExtra -->
        <test-method signature="tourNameValidate()[pri:7, instance:com.atmecs.phptravels.testscripts.InvoicePageTest@52e677af]" started-at="2019-09-19T08:59:12Z" name="tourNameValidate" finished-at="2019-09-19T08:59:13Z" duration-ms="1543" status="PASS">
          <reporter-output>
          </reporter-output>
        </test-method> <!-- tourNameValidate -->
        <test-method is-config="true" signature="tearDown(org.testng.ITestResult)[pri:0, instance:com.atmecs.phptravels.testscripts.InvoicePageTest@52e677af]" started-at="2019-09-19T08:59:12Z" name="tearDown" finished-at="2019-09-19T08:59:12Z" duration-ms="0" status="PASS">
          <params>
            <param index="0">
              <value>
                <![CDATA[[TestResult name=amountValidateAfterAddingExtra status=SUCCESS method=BookingSummaryPageTest.amountValidateAfterAddingExtra()[pri:6, instance:com.atmecs.phptravels.testscripts.InvoicePageTest@52e677af] output={null}]]]>
              </value>
            </param>
          </params>
          <reporter-output>
          </reporter-output>
        </test-method> <!-- tearDown -->
        <test-method is-config="true" signature="tearDown(org.testng.ITestResult)[pri:0, instance:com.atmecs.phptravels.testscripts.InvoicePageTest@52e677af]" started-at="2019-09-19T08:59:13Z" name="tearDown" finished-at="2019-09-19T08:59:13Z" duration-ms="0" status="PASS">
          <params>
            <param index="0">
              <value>
                <![CDATA[[TestResult name=tourNameValidate status=SUCCESS method=BookingSummaryPageTest.tourNameValidate()[pri:7, instance:com.atmecs.phptravels.testscripts.InvoicePageTest@52e677af] output={null}]]]>
              </value>
            </param>
          </params>
          <reporter-output>
          </reporter-output>
        </test-method> <!-- tearDown -->
        <test-method signature="amountValidateBeforeAddingExtra()[pri:8, instance:com.atmecs.phptravels.testscripts.InvoicePageTest@52e677af]" started-at="2019-09-19T08:59:13Z" name="amountValidateBeforeAddingExtra" finished-at="2019-09-19T08:59:17Z" duration-ms="3490" status="PASS">
          <reporter-output>
          </reporter-output>
        </test-method> <!-- amountValidateBeforeAddingExtra -->
        <test-method signature="invoicePageValidate()[pri:9, instance:com.atmecs.phptravels.testscripts.InvoicePageTest@52e677af]" started-at="2019-09-19T08:59:17Z" name="invoicePageValidate" finished-at="2019-09-19T08:59:29Z" duration-ms="12168" status="PASS">
          <reporter-output>
          </reporter-output>
        </test-method> <!-- invoicePageValidate -->
        <test-method is-config="true" signature="tearDown(org.testng.ITestResult)[pri:0, instance:com.atmecs.phptravels.testscripts.InvoicePageTest@52e677af]" started-at="2019-09-19T08:59:17Z" name="tearDown" finished-at="2019-09-19T08:59:17Z" duration-ms="0" status="PASS">
          <params>
            <param index="0">
              <value>
                <![CDATA[[TestResult name=amountValidateBeforeAddingExtra status=SUCCESS method=BookingSummaryPageTest.amountValidateBeforeAddingExtra()[pri:8, instance:com.atmecs.phptravels.testscripts.InvoicePageTest@52e677af] output={null}]]]>
              </value>
            </param>
          </params>
          <reporter-output>
          </reporter-output>
        </test-method> <!-- tearDown -->
        <test-method is-config="true" signature="tearDown(org.testng.ITestResult)[pri:0, instance:com.atmecs.phptravels.testscripts.InvoicePageTest@52e677af]" started-at="2019-09-19T08:59:29Z" name="tearDown" finished-at="2019-09-19T08:59:29Z" duration-ms="0" status="PASS">
          <params>
            <param index="0">
              <value>
                <![CDATA[[TestResult name=invoicePageValidate status=SUCCESS method=InvoicePageTest.invoicePageValidate()[pri:9, instance:com.atmecs.phptravels.testscripts.InvoicePageTest@52e677af] output={null}]]]>
              </value>
            </param>
          </params>
          <reporter-output>
          </reporter-output>
        </test-method> <!-- tearDown -->
        <test-method is-config="true" signature="endReport()[pri:0, instance:com.atmecs.phptravels.testscripts.InvoicePageTest@52e677af]" started-at="2019-09-19T08:59:29Z" name="endReport" finished-at="2019-09-19T08:59:35Z" duration-ms="5553" status="PASS">
          <reporter-output>
          </reporter-output>
        </test-method> <!-- endReport -->
      </class> <!-- com.atmecs.phptravels.testscripts.InvoicePageTest -->
    </test> <!-- Test -->
  </suite> <!-- Suite (0) -->
</testng-results>
