<?xml version="1.0" encoding="UTF-8"?>
<!-- Generated by org.testng.reporters.JUnitXMLReporter -->
<testsuite hostname="ATMECSINLT-087" ignored="0" name="Default test" tests="4" failures="0" timestamp="20 Sep 2019 06:34:54 GMT" time="20.897" errors="0">
  <testcase name="landingPageValidation" time="2.483" classname="com.atmecs.phptravels.testscripts.HomePageTestScript"/>
  <testcase name="invalidCheckinDate" time="9.304" classname="com.atmecs.phptravels.testscripts.HomePageTestScript"/>
  <testcase name="cityInputValidation" time="3.744" classname="com.atmecs.phptravels.testscripts.HomePageTestScript"/>
  <testcase name="tourSearch" time="3.897" classname="com.atmecs.phptravels.testscripts.HomePageTestScript"/>
</testsuite> <!-- Default test -->
