<?xml version="1.0" encoding="UTF-8"?>
<testng-results skipped="0" failed="0" ignored="0" total="4" passed="4">
  <reporter-output>
  </reporter-output>
  <suite name="Default suite" duration-ms="20897" started-at="2019-09-20T06:34:33Z" finished-at="2019-09-20T06:34:54Z">
    <groups>
    </groups>
    <test name="Default test" duration-ms="20897" started-at="2019-09-20T06:34:33Z" finished-at="2019-09-20T06:34:54Z">
      <class name="com.atmecs.phptravels.testscripts.HomePageTestScript">
        <test-method status="PASS" signature="startReport()[pri:0, instance:com.atmecs.phptravels.testscripts.HomePageTestScript@59ec2012]" name="startReport" is-config="true" duration-ms="289" started-at="2019-09-20T06:34:20Z" finished-at="2019-09-20T06:34:20Z">
          <reporter-output>
          </reporter-output>
        </test-method> <!-- startReport -->
        <test-method status="PASS" signature="intitailizeBrowser()[pri:0, instance:com.atmecs.phptravels.testscripts.HomePageTestScript@59ec2012]" name="intitailizeBrowser" is-config="true" duration-ms="12491" started-at="2019-09-20T06:34:20Z" depends-on-methods="com.atmecs.phptravelsautomation.extentreports.ExtentReport.startReport" finished-at="2019-09-20T06:34:33Z">
          <reporter-output>
          </reporter-output>
        </test-method> <!-- intitailizeBrowser -->
        <test-method status="PASS" signature="landingPageValidation()[pri:0, instance:com.atmecs.phptravels.testscripts.HomePageTestScript@59ec2012]" name="landingPageValidation" duration-ms="2483" started-at="2019-09-20T06:34:33Z" finished-at="2019-09-20T06:34:35Z">
          <reporter-output>
          </reporter-output>
        </test-method> <!-- landingPageValidation -->
        <test-method status="PASS" signature="tearDown(org.testng.ITestResult)[pri:0, instance:com.atmecs.phptravels.testscripts.HomePageTestScript@59ec2012]" name="tearDown" is-config="true" duration-ms="13" started-at="2019-09-20T06:34:35Z" finished-at="2019-09-20T06:34:35Z">
          <params>
            <param index="0">
              <value>
                <![CDATA[[TestResult name=landingPageValidation status=SUCCESS method=HomePageTestScript.landingPageValidation()[pri:0, instance:com.atmecs.phptravels.testscripts.HomePageTestScript@59ec2012] output={null}]]]>
              </value>
            </param>
          </params>
          <reporter-output>
          </reporter-output>
        </test-method> <!-- tearDown -->
        <test-method status="PASS" signature="invalidCheckinDate()[pri:1, instance:com.atmecs.phptravels.testscripts.HomePageTestScript@59ec2012]" name="invalidCheckinDate" duration-ms="9304" started-at="2019-09-20T06:34:35Z" finished-at="2019-09-20T06:34:45Z">
          <reporter-output>
          </reporter-output>
        </test-method> <!-- invalidCheckinDate -->
        <test-method status="PASS" signature="tearDown(org.testng.ITestResult)[pri:0, instance:com.atmecs.phptravels.testscripts.HomePageTestScript@59ec2012]" name="tearDown" is-config="true" duration-ms="1" started-at="2019-09-20T06:34:45Z" finished-at="2019-09-20T06:34:45Z">
          <params>
            <param index="0">
              <value>
                <![CDATA[[TestResult name=invalidCheckinDate status=SUCCESS method=HomePageTestScript.invalidCheckinDate()[pri:1, instance:com.atmecs.phptravels.testscripts.HomePageTestScript@59ec2012] output={null}]]]>
              </value>
            </param>
          </params>
          <reporter-output>
          </reporter-output>
        </test-method> <!-- tearDown -->
        <test-method status="PASS" signature="cityInputValidation()[pri:2, instance:com.atmecs.phptravels.testscripts.HomePageTestScript@59ec2012]" name="cityInputValidation" duration-ms="3744" started-at="2019-09-20T06:34:45Z" finished-at="2019-09-20T06:34:48Z">
          <reporter-output>
          </reporter-output>
        </test-method> <!-- cityInputValidation -->
        <test-method status="PASS" signature="tearDown(org.testng.ITestResult)[pri:0, instance:com.atmecs.phptravels.testscripts.HomePageTestScript@59ec2012]" name="tearDown" is-config="true" duration-ms="1" started-at="2019-09-20T06:34:48Z" finished-at="2019-09-20T06:34:48Z">
          <params>
            <param index="0">
              <value>
                <![CDATA[[TestResult name=cityInputValidation status=SUCCESS method=HomePageTestScript.cityInputValidation()[pri:2, instance:com.atmecs.phptravels.testscripts.HomePageTestScript@59ec2012] output={null}]]]>
              </value>
            </param>
          </params>
          <reporter-output>
          </reporter-output>
        </test-method> <!-- tearDown -->
        <test-method status="PASS" signature="tourSearch(java.lang.String, java.lang.String)[pri:2, instance:com.atmecs.phptravels.testscripts.HomePageTestScript@59ec2012]" name="tourSearch" duration-ms="3897" started-at="2019-09-20T06:34:50Z" data-provider="home_page_data" finished-at="2019-09-20T06:34:54Z">
          <params>
            <param index="0">
              <value>
                <![CDATA[india]]>
              </value>
            </param>
            <param index="1">
              <value>
                <![CDATA[27/09/2019]]>
              </value>
            </param>
          </params>
          <reporter-output>
          </reporter-output>
        </test-method> <!-- tourSearch -->
        <test-method status="PASS" signature="tearDown(org.testng.ITestResult)[pri:0, instance:com.atmecs.phptravels.testscripts.HomePageTestScript@59ec2012]" name="tearDown" is-config="true" duration-ms="0" started-at="2019-09-20T06:34:54Z" finished-at="2019-09-20T06:34:54Z">
          <params>
            <param index="0">
              <value>
                <![CDATA[[TestResult name=tourSearch status=SUCCESS method=HomePageTestScript.tourSearch(java.lang.String, java.lang.String)[pri:2, instance:com.atmecs.phptravels.testscripts.HomePageTestScript@59ec2012] output={null}]]]>
              </value>
            </param>
          </params>
          <reporter-output>
          </reporter-output>
        </test-method> <!-- tearDown -->
        <test-method status="PASS" signature="endReport()[pri:0, instance:com.atmecs.phptravels.testscripts.HomePageTestScript@59ec2012]" name="endReport" is-config="true" duration-ms="3484" started-at="2019-09-20T06:34:54Z" finished-at="2019-09-20T06:34:57Z">
          <reporter-output>
          </reporter-output>
        </test-method> <!-- endReport -->
      </class> <!-- com.atmecs.phptravels.testscripts.HomePageTestScript -->
    </test> <!-- Default test -->
  </suite> <!-- Default suite -->
</testng-results>
