<?xml version="1.0" encoding="UTF-8"?>
<!-- Generated by org.testng.reporters.JUnitXMLReporter -->
<testsuite ignored="0" hostname="ATMECSINLT-087" failures="0" tests="14" name="Test" time="53.347" errors="0" timestamp="19 Sep 2019 08:59:29 GMT">
  <testcase classname="com.atmecs.phptravels.testscripts.HomePageTestScript" name="landingPageValidation" time="0.303"/>
  <testcase classname="com.atmecs.phptravels.testscripts.HomePageTestScript" name="invalidCheckinDate" time="4.702"/>
  <testcase classname="com.atmecs.phptravels.testscripts.HomePageTestScript" name="cityInputValidation" time="3.579"/>
  <testcase classname="com.atmecs.phptravels.testscripts.HomePageTestScript" name="tourSearch" time="4.408"/>
  <testcase classname="com.atmecs.phptravels.testscripts.BookingOptionTestScript" name="BookingOption" time="14.195"/>
  <testcase classname="com.atmecs.phptravels.testscripts.BookingSummaryPageTest" name="personalDetailsInput" time="4.772"/>
  <testcase classname="com.atmecs.phptravels.testscripts.BookingSummaryPageTest" name="guestInfoInput" time="0.508"/>
  <testcase classname="com.atmecs.phptravels.testscripts.BookingSummaryPageTest" name="guestInfoInput" time="0.436"/>
  <testcase classname="com.atmecs.phptravels.testscripts.BookingSummaryPageTest" name="guestInfoInput" time="0.521"/>
  <testcase classname="com.atmecs.phptravels.testscripts.BookingSummaryPageTest" name="guestInfoInput" time="0.484"/>
  <testcase classname="com.atmecs.phptravels.testscripts.BookingSummaryPageTest" name="amountValidateAfterAddingExtra" time="0.12"/>
  <testcase classname="com.atmecs.phptravels.testscripts.BookingSummaryPageTest" name="tourNameValidate" time="1.543"/>
  <testcase classname="com.atmecs.phptravels.testscripts.BookingSummaryPageTest" name="amountValidateBeforeAddingExtra" time="3.49"/>
  <testcase classname="com.atmecs.phptravels.testscripts.InvoicePageTest" name="invoicePageValidate" time="12.168"/>
</testsuite> <!-- Test -->
