<?xml version="1.0" encoding="UTF-8"?>
<!-- Generated by org.testng.reporters.JUnitXMLReporter -->
<testsuite ignored="0" hostname="ATMECSINLT-087" failures="0" tests="8" name="Test3" time="24.222" errors="0" timestamp="16 Sep 2019 06:51:32 GMT">
  <testcase classname="com.atmecs.phptravels.testscripts.BookingSummaryPageTest" name="personalDetailsInput" time="11.503"/>
  <testcase classname="com.atmecs.phptravels.testscripts.BookingSummaryPageTest" name="guestInfoInput" time="1.408"/>
  <testcase classname="com.atmecs.phptravels.testscripts.BookingSummaryPageTest" name="guestInfoInput" time="1.211"/>
  <testcase classname="com.atmecs.phptravels.testscripts.BookingSummaryPageTest" name="guestInfoInput" time="2.673"/>
  <testcase classname="com.atmecs.phptravels.testscripts.BookingSummaryPageTest" name="guestInfoInput" time="1.359"/>
  <testcase classname="com.atmecs.phptravels.testscripts.BookingSummaryPageTest" name="amountValidateAfterAddingExtra" time="0.171"/>
  <testcase classname="com.atmecs.phptravels.testscripts.BookingSummaryPageTest" name="tourNameValidate" time="1.989"/>
  <testcase classname="com.atmecs.phptravels.testscripts.BookingSummaryPageTest" name="amountValidateBeforeAddingExtra" time="3.667"/>
</testsuite> <!-- Test3 -->
