<?xml version="1.0" encoding="UTF-8"?>
<!-- Generated by org.testng.reporters.JUnitXMLReporter -->
<testsuite ignored="0" hostname="ATMECSINLT-087" failures="0" tests="4" name="Test1" time="22.557" errors="0" timestamp="16 Sep 2019 06:50:42 GMT">
  <testcase classname="com.atmecs.phptravels.testscripts.HomePageTestScript" name="landingPageValidation" time="0.358"/>
  <testcase classname="com.atmecs.phptravels.testscripts.HomePageTestScript" name="invalidCheckinDate" time="9.039"/>
  <testcase classname="com.atmecs.phptravels.testscripts.HomePageTestScript" name="cityInputValidation" time="5.369"/>
  <testcase classname="com.atmecs.phptravels.testscripts.HomePageTestScript" name="tourSearch" time="5.783"/>
</testsuite> <!-- Test1 -->
