<?xml version="1.0" encoding="UTF-8"?>
<!-- Generated by org.testng.reporters.JUnitXMLReporter -->
<testsuite ignored="0" hostname="ATMECSINLT-087" failures="1" tests="4" name="Test1" time="9.369" errors="0" timestamp="18 Sep 2019 12:51:56 GMT">
  <testcase classname="com.atmecs.phptravels.testscripts.HomePageTestScript" name="landingPageValidation" time="0.395"/>
  <testcase classname="com.atmecs.phptravels.testscripts.HomePageTestScript" name="invalidCheckinDate" time="0.371">
    <failure type="java.lang.IllegalArgumentException" message="Cannot find elements when the XPath is null.">
      <![CDATA[java.lang.IllegalArgumentException: Cannot find elements when the XPath is null.
at org.openqa.selenium.By$ByXPath.<init>(By.java:339)
at org.openqa.selenium.By.xpath(By.java:92)
at com.atmecs.phptravelsautomation.helpers.CommonUtility$1.apply(CommonUtility.java:36)
at com.atmecs.phptravelsautomation.helpers.CommonUtility$1.apply(CommonUtility.java:1)
at org.openqa.selenium.support.ui.FluentWait.until(FluentWait.java:249)
at com.atmecs.phptravelsautomation.helpers.CommonUtility.clickElement(CommonUtility.java:34)
at com.atmecs.phptravelsautomation.pages.HomePage.changeCurrency(HomePage.java:29)
at com.atmecs.phptravels.testscripts.HomePageTestScript.invalidCheckinDate(HomePageTestScript.java:23)
... Removed 26 stack frames]]>
    </failure>
  </testcase> <!-- invalidCheckinDate -->
  <testcase classname="com.atmecs.phptravels.testscripts.HomePageTestScript" name="cityInputValidation" time="3.843"/>
  <testcase classname="com.atmecs.phptravels.testscripts.HomePageTestScript" name="tourSearch" time="3.164"/>
</testsuite> <!-- Test1 -->
