<?xml version="1.0" encoding="UTF-8"?>
<!-- Generated by org.testng.reporters.JUnitXMLReporter -->
<testsuite ignored="0" hostname="ATMECSINLT-087" failures="0" tests="14" name="Test" time="50.811" errors="0" timestamp="19 Sep 2019 08:55:42 GMT">
  <testcase classname="com.atmecs.phptravels.testscripts.HomePageTestScript" name="landingPageValidation" time="0.168"/>
  <testcase classname="com.atmecs.phptravels.testscripts.HomePageTestScript" name="invalidCheckinDate" time="3.203"/>
  <testcase classname="com.atmecs.phptravels.testscripts.HomePageTestScript" name="cityInputValidation" time="3.184"/>
  <testcase classname="com.atmecs.phptravels.testscripts.HomePageTestScript" name="tourSearch" time="3.806"/>
  <testcase classname="com.atmecs.phptravels.testscripts.BookingOptionTestScript" name="BookingOption" time="13.413"/>
  <testcase classname="com.atmecs.phptravels.testscripts.BookingSummaryPageTest" name="personalDetailsInput" time="4.672"/>
  <testcase classname="com.atmecs.phptravels.testscripts.BookingSummaryPageTest" name="guestInfoInput" time="0.876"/>
  <testcase classname="com.atmecs.phptravels.testscripts.BookingSummaryPageTest" name="guestInfoInput" time="0.864"/>
  <testcase classname="com.atmecs.phptravels.testscripts.BookingSummaryPageTest" name="guestInfoInput" time="0.882"/>
  <testcase classname="com.atmecs.phptravels.testscripts.BookingSummaryPageTest" name="guestInfoInput" time="0.928"/>
  <testcase classname="com.atmecs.phptravels.testscripts.BookingSummaryPageTest" name="amountValidateAfterAddingExtra" time="0.145"/>
  <testcase classname="com.atmecs.phptravels.testscripts.BookingSummaryPageTest" name="tourNameValidate" time="1.096"/>
  <testcase classname="com.atmecs.phptravels.testscripts.BookingSummaryPageTest" name="amountValidateBeforeAddingExtra" time="3.332"/>
  <testcase classname="com.atmecs.phptravels.testscripts.InvoicePageTest" name="invoicePageValidate" time="12.541"/>
</testsuite> <!-- Test -->
